<?xml version="1.0" encoding="UTF-8"?>
<!-- Generated by org.testng.reporters.JUnitXMLReporter -->
<testsuite ignored="2" hostname="pranaybolla" failures="0" tests="2" name="Test" time="0.1" errors="0" timestamp="2021-10-28T16:48:37 IST">
  <testcase classname="testNg_apache.Grouptestngtemo" name="Login" time="0.016"/>
  <testcase classname="testNg_apache.Grouptestngtemo" name="signout" time="0.005"/>
  <testcase classname="testNg_apache.Grouptestngtemo" name="withdraw" time="0.0">
    <ignored/>
  </testcase> <!-- withdraw -->
  <testcase classname="testNg_apache.Grouptestngtemo" name="deposit" time="0.0">
    <ignored/>
  </testcase> <!-- deposit -->
</testsuite> <!-- Test -->
